2021-12-09 15:11:43,832 [Worker-9: Loading available Gradle versions] INFO  o.e.b.c.i.u.g.PublishedGradleVersions - Gradle version information cache is up-to-date. Trying to read.
2021-12-09 15:21:38,963 [Worker-31: Update Maven projects configuration] INFO  o.e.m.c.i.p.ProjectConfigurationManager - Update started
2021-12-09 15:21:40,710 [Worker-31: Update Maven projects configuration] INFO  o.e.m.c.i.l.LifecycleMappingFactory - Using org.eclipse.m2e.jdt.JarLifecycleMapping lifecycle mapping for MavenProject: br.com.alura:forum:0.0.1-SNAPSHOT @ /Users/danielcollione/Documents/Alura/Spring Bot Api/forum/projeto-inicial.zip_expanded/forum/pom.xml.
2021-12-09 15:21:41,851 [Worker-31: Update Maven projects configuration] INFO  o.e.m.j.i.AbstractJavaProjectConfigurator - Adding source folder /forum/src/main/java
2021-12-09 15:21:41,852 [Worker-31: Update Maven projects configuration] INFO  o.e.m.j.i.AbstractJavaProjectConfigurator - Adding resource folder /forum/src/main/resources
2021-12-09 15:21:41,856 [Worker-31: Update Maven projects configuration] INFO  o.e.m.j.i.AbstractJavaProjectConfigurator - Adding resource folder /forum/src/main/resources
2021-12-09 15:21:41,864 [Worker-31: Update Maven projects configuration] INFO  o.e.m.j.i.AbstractJavaProjectConfigurator - Adding source folder /forum/src/test/java
2021-12-09 15:21:42,601 [Worker-30: Building] INFO  o.e.m.c.i.embedder.EclipseLogger - Using 'UTF-8' encoding to copy filtered resources.
2021-12-09 15:21:42,608 [Worker-30: Building] INFO  o.e.m.c.i.embedder.EclipseLogger - Copying 1 resource
2021-12-09 15:21:42,635 [Worker-30: Building] INFO  o.e.m.c.i.embedder.EclipseLogger - Copying 0 resource
2021-12-09 15:21:42,651 [Worker-30: Building] INFO  o.e.m.c.i.embedder.EclipseLogger - Using 'UTF-8' encoding to copy filtered resources.
2021-12-09 15:21:42,651 [Worker-30: Building] INFO  o.e.m.c.i.embedder.EclipseLogger - skip non existing resourceDirectory /Users/danielcollione/Documents/Alura/Spring Bot Api/forum/projeto-inicial.zip_expanded/forum/src/test/resources
2021-12-09 15:21:43,524 [Worker-31: Update Maven projects configuration] INFO  o.e.m.c.i.p.ProjectConfigurationManager - Update completed: 4 sec
2021-12-09 15:21:44,872 [Worker-29: Building] INFO  o.e.m.c.i.embedder.EclipseLogger - Using 'UTF-8' encoding to copy filtered resources.
2021-12-09 15:21:44,881 [Worker-29: Building] INFO  o.e.m.c.i.embedder.EclipseLogger - Copying 1 resource
2021-12-09 15:21:44,885 [Worker-29: Building] INFO  o.e.m.c.i.embedder.EclipseLogger - Copying 0 resource
2021-12-09 15:21:44,890 [Worker-29: Building] INFO  o.e.m.c.i.embedder.EclipseLogger - Using 'UTF-8' encoding to copy filtered resources.
2021-12-09 15:21:44,890 [Worker-29: Building] INFO  o.e.m.c.i.embedder.EclipseLogger - skip non existing resourceDirectory /Users/danielcollione/Documents/Alura/Spring Bot Api/forum/projeto-inicial.zip_expanded/forum/src/test/resources
2021-12-09 15:25:43,749 [Worker-32: Launching ForumApplication] INFO  o.e.m.c.i.l.LifecycleMappingFactory - Using org.eclipse.m2e.jdt.JarLifecycleMapping lifecycle mapping for MavenProject: br.com.alura:forum:0.0.1-SNAPSHOT @ /Users/danielcollione/Documents/Alura/Spring Bot Api/forum/projeto-inicial.zip_expanded/forum/pom.xml.
2021-12-09 15:25:44,208 [Worker-32: Launching ForumApplication] INFO  o.e.m.c.i.embedder.EclipseLogger - Using 'UTF-8' encoding to copy filtered resources.
2021-12-09 15:25:44,210 [Worker-32: Launching ForumApplication] INFO  o.e.m.c.i.embedder.EclipseLogger - Copying 0 resource
2021-12-09 15:25:44,210 [Worker-32: Launching ForumApplication] INFO  o.e.m.c.i.embedder.EclipseLogger - Copying 0 resource
2021-12-09 15:25:44,216 [Worker-32: Launching ForumApplication] INFO  o.e.m.c.i.embedder.EclipseLogger - Using 'UTF-8' encoding to copy filtered resources.
2021-12-09 15:25:44,216 [Worker-32: Launching ForumApplication] INFO  o.e.m.c.i.embedder.EclipseLogger - skip non existing resourceDirectory /Users/danielcollione/Documents/Alura/Spring Bot Api/forum/projeto-inicial.zip_expanded/forum/src/test/resources
2021-12-09 15:27:12,055 [Worker-4: Building] INFO  o.e.m.c.i.embedder.EclipseLogger - Using 'UTF-8' encoding to copy filtered resources.
2021-12-09 15:27:12,059 [Worker-4: Building] INFO  o.e.m.c.i.embedder.EclipseLogger - Copying 1 resource
2021-12-09 15:27:12,076 [Worker-4: Building] INFO  o.e.m.c.i.embedder.EclipseLogger - Copying 0 resource
2021-12-09 15:27:12,078 [Worker-4: Building] INFO  o.e.m.c.i.embedder.EclipseLogger - Using 'UTF-8' encoding to copy filtered resources.
2021-12-09 15:27:12,078 [Worker-4: Building] INFO  o.e.m.c.i.embedder.EclipseLogger - skip non existing resourceDirectory /Users/danielcollione/Documents/Alura/Spring Bot Api/forum/projeto-inicial.zip_expanded/forum/src/test/resources
2021-12-09 15:27:51,123 [Worker-4: Building] INFO  o.e.m.c.i.embedder.EclipseLogger - Using 'UTF-8' encoding to copy filtered resources.
2021-12-09 15:27:51,130 [Worker-4: Building] INFO  o.e.m.c.i.embedder.EclipseLogger - Copying 1 resource
2021-12-09 15:27:51,136 [Worker-4: Building] INFO  o.e.m.c.i.embedder.EclipseLogger - Copying 0 resource
2021-12-09 15:27:51,146 [Worker-4: Building] INFO  o.e.m.c.i.embedder.EclipseLogger - Using 'UTF-8' encoding to copy filtered resources.
2021-12-09 15:27:51,147 [Worker-4: Building] INFO  o.e.m.c.i.embedder.EclipseLogger - skip non existing resourceDirectory /Users/danielcollione/Documents/Alura/Spring Bot Api/forum/projeto-inicial.zip_expanded/forum/src/test/resources
2021-12-09 15:27:56,667 [Worker-29: Building] INFO  o.e.m.c.i.embedder.EclipseLogger - Using 'UTF-8' encoding to copy filtered resources.
2021-12-09 15:27:56,667 [Worker-29: Building] INFO  o.e.m.c.i.embedder.EclipseLogger - Copying 1 resource
2021-12-09 15:27:56,668 [Worker-29: Building] INFO  o.e.m.c.i.embedder.EclipseLogger - Copying 0 resource
2021-12-09 15:27:56,671 [Worker-29: Building] INFO  o.e.m.c.i.embedder.EclipseLogger - Using 'UTF-8' encoding to copy filtered resources.
2021-12-09 15:27:56,672 [Worker-29: Building] INFO  o.e.m.c.i.embedder.EclipseLogger - skip non existing resourceDirectory /Users/danielcollione/Documents/Alura/Spring Bot Api/forum/projeto-inicial.zip_expanded/forum/src/test/resources
2021-12-09 15:28:00,128 [Worker-33: Building] INFO  o.e.m.c.i.embedder.EclipseLogger - Using 'UTF-8' encoding to copy filtered resources.
2021-12-09 15:28:00,128 [Worker-33: Building] INFO  o.e.m.c.i.embedder.EclipseLogger - Copying 1 resource
2021-12-09 15:28:00,129 [Worker-33: Building] INFO  o.e.m.c.i.embedder.EclipseLogger - Copying 0 resource
2021-12-09 15:28:00,132 [Worker-33: Building] INFO  o.e.m.c.i.embedder.EclipseLogger - Using 'UTF-8' encoding to copy filtered resources.
2021-12-09 15:28:00,133 [Worker-33: Building] INFO  o.e.m.c.i.embedder.EclipseLogger - skip non existing resourceDirectory /Users/danielcollione/Documents/Alura/Spring Bot Api/forum/projeto-inicial.zip_expanded/forum/src/test/resources
2021-12-09 15:28:06,615 [Worker-4: Building] INFO  o.e.m.c.i.embedder.EclipseLogger - Using 'UTF-8' encoding to copy filtered resources.
2021-12-09 15:28:06,617 [Worker-4: Building] INFO  o.e.m.c.i.embedder.EclipseLogger - Copying 1 resource
2021-12-09 15:28:06,619 [Worker-4: Building] INFO  o.e.m.c.i.embedder.EclipseLogger - Copying 0 resource
2021-12-09 15:28:06,623 [Worker-4: Building] INFO  o.e.m.c.i.embedder.EclipseLogger - Using 'UTF-8' encoding to copy filtered resources.
2021-12-09 15:28:06,623 [Worker-4: Building] INFO  o.e.m.c.i.embedder.EclipseLogger - skip non existing resourceDirectory /Users/danielcollione/Documents/Alura/Spring Bot Api/forum/projeto-inicial.zip_expanded/forum/src/test/resources
2021-12-09 15:28:41,562 [Worker-29: Building] INFO  o.e.m.c.i.embedder.EclipseLogger - Using 'UTF-8' encoding to copy filtered resources.
2021-12-09 15:28:41,563 [Worker-29: Building] INFO  o.e.m.c.i.embedder.EclipseLogger - Copying 1 resource
2021-12-09 15:28:41,563 [Worker-29: Building] INFO  o.e.m.c.i.embedder.EclipseLogger - Copying 0 resource
2021-12-09 15:28:41,566 [Worker-29: Building] INFO  o.e.m.c.i.embedder.EclipseLogger - Using 'UTF-8' encoding to copy filtered resources.
2021-12-09 15:28:41,566 [Worker-29: Building] INFO  o.e.m.c.i.embedder.EclipseLogger - skip non existing resourceDirectory /Users/danielcollione/Documents/Alura/Spring Bot Api/forum/projeto-inicial.zip_expanded/forum/src/test/resources
2021-12-09 15:29:46,839 [Worker-4: Building] INFO  o.e.m.c.i.embedder.EclipseLogger - Using 'UTF-8' encoding to copy filtered resources.
2021-12-09 15:29:46,845 [Worker-4: Building] INFO  o.e.m.c.i.embedder.EclipseLogger - Copying 1 resource
2021-12-09 15:29:46,855 [Worker-4: Building] INFO  o.e.m.c.i.embedder.EclipseLogger - Copying 0 resource
2021-12-09 15:29:46,876 [Worker-4: Building] INFO  o.e.m.c.i.embedder.EclipseLogger - Using 'UTF-8' encoding to copy filtered resources.
2021-12-09 15:29:46,876 [Worker-4: Building] INFO  o.e.m.c.i.embedder.EclipseLogger - skip non existing resourceDirectory /Users/danielcollione/Documents/Alura/Spring Bot Api/forum/projeto-inicial.zip_expanded/forum/src/test/resources
2021-12-09 15:33:14,183 [Worker-4: Building] INFO  o.e.m.c.i.embedder.EclipseLogger - Using 'UTF-8' encoding to copy filtered resources.
2021-12-09 15:33:14,186 [Worker-4: Building] INFO  o.e.m.c.i.embedder.EclipseLogger - Copying 1 resource
2021-12-09 15:33:14,187 [Worker-4: Building] INFO  o.e.m.c.i.embedder.EclipseLogger - Copying 0 resource
2021-12-09 15:33:14,188 [Worker-4: Building] INFO  o.e.m.c.i.embedder.EclipseLogger - Using 'UTF-8' encoding to copy filtered resources.
2021-12-09 15:33:14,188 [Worker-4: Building] INFO  o.e.m.c.i.embedder.EclipseLogger - skip non existing resourceDirectory /Users/danielcollione/Documents/Alura/Spring Bot Api/forum/projeto-inicial.zip_expanded/forum/src/test/resources
